  buddy.c
D:\fakultet\treca godina\prvi semestar\os2\kernel_memory_allocator\kernel_memory_allocator\kernel_memory_allocator\buddy.h(18,1): warning C4005: 'NO_ERROR': macro redefinition
C:\Program Files (x86)\Windows Kits\10\Include\10.0.19041.0\shared\winerror.h(223): message : see previous definition of 'NO_ERROR'
D:\fakultet\treca godina\prvi semestar\os2\kernel_memory_allocator\kernel_memory_allocator\kernel_memory_allocator\buddy.c(6,30): warning C4018: '<': signed/unsigned mismatch
D:\fakultet\treca godina\prvi semestar\os2\kernel_memory_allocator\kernel_memory_allocator\kernel_memory_allocator\buddy.c(8,27): warning C4018: '>': signed/unsigned mismatch
D:\fakultet\treca godina\prvi semestar\os2\kernel_memory_allocator\kernel_memory_allocator\kernel_memory_allocator\buddy.c(14,30): warning C4018: '<': signed/unsigned mismatch
D:\fakultet\treca godina\prvi semestar\os2\kernel_memory_allocator\kernel_memory_allocator\kernel_memory_allocator\buddy.c(24,25): warning C4018: '<': signed/unsigned mismatch
D:\fakultet\treca godina\prvi semestar\os2\kernel_memory_allocator\kernel_memory_allocator\kernel_memory_allocator\buddy.c(30,28): warning C4244: 'function': conversion from 'uint16_t' to 'uint8_t', possible loss of data
D:\fakultet\treca godina\prvi semestar\os2\kernel_memory_allocator\kernel_memory_allocator\kernel_memory_allocator\buddy.c(35,28): warning C4244: 'function': conversion from 'uint16_t' to 'uint8_t', possible loss of data
D:\fakultet\treca godina\prvi semestar\os2\kernel_memory_allocator\kernel_memory_allocator\kernel_memory_allocator\buddy.c(43,25): warning C4018: '<': signed/unsigned mismatch
D:\fakultet\treca godina\prvi semestar\os2\kernel_memory_allocator\kernel_memory_allocator\kernel_memory_allocator\buddy.c(57,35): warning C4244: 'function': conversion from 'uint16_t' to 'uint8_t', possible loss of data
D:\fakultet\treca godina\prvi semestar\os2\kernel_memory_allocator\kernel_memory_allocator\kernel_memory_allocator\buddy.c(59,67): warning C4244: 'function': conversion from 'uint16_t' to 'uint8_t', possible loss of data
D:\fakultet\treca godina\prvi semestar\os2\kernel_memory_allocator\kernel_memory_allocator\kernel_memory_allocator\buddy.c(105,41): warning C4018: '<': signed/unsigned mismatch
D:\fakultet\treca godina\prvi semestar\os2\kernel_memory_allocator\kernel_memory_allocator\kernel_memory_allocator\buddy.c(115,18): warning C4018: '>': signed/unsigned mismatch
D:\fakultet\treca godina\prvi semestar\os2\kernel_memory_allocator\kernel_memory_allocator\kernel_memory_allocator\buddy.c(115,48): warning C4018: '>=': signed/unsigned mismatch
D:\fakultet\treca godina\prvi semestar\os2\kernel_memory_allocator\kernel_memory_allocator\kernel_memory_allocator\buddy.c(118,85): warning C4554: '<<': check operator precedence for possible error; use parentheses to clarify precedence
D:\fakultet\treca godina\prvi semestar\os2\kernel_memory_allocator\kernel_memory_allocator\kernel_memory_allocator\buddy.c(118,1): warning C4133: 'initializing': incompatible types - from 'uint8_t *' to 'buddy_free_t *'
D:\fakultet\treca godina\prvi semestar\os2\kernel_memory_allocator\kernel_memory_allocator\kernel_memory_allocator\buddy.c(202,30): warning C4018: '<': signed/unsigned mismatch
D:\fakultet\treca godina\prvi semestar\os2\kernel_memory_allocator\kernel_memory_allocator\kernel_memory_allocator\buddy.c(208,49): warning C4133: 'function': incompatible types - from 'uint8_t *' to 'kmem_cache_t *'
D:\fakultet\treca godina\prvi semestar\os2\kernel_memory_allocator\kernel_memory_allocator\kernel_memory_allocator\buddy.c(218,27): warning C4018: '>': signed/unsigned mismatch
D:\fakultet\treca godina\prvi semestar\os2\kernel_memory_allocator\kernel_memory_allocator\kernel_memory_allocator\buddy.c(212,1): warning C4133: 'initializing': incompatible types - from 'uint8_t *' to 'CRITICAL_SECTION *'
D:\fakultet\treca godina\prvi semestar\os2\kernel_memory_allocator\kernel_memory_allocator\kernel_memory_allocator\buddy.c(266,3): warning C4033: 'kmem_cache_shrink_impl' must return a value
D:\fakultet\treca godina\prvi semestar\os2\kernel_memory_allocator\kernel_memory_allocator\kernel_memory_allocator\buddy.c(292,18): warning C4033: 'kmem_cache_alloc_impl' must return a value
D:\fakultet\treca godina\prvi semestar\os2\kernel_memory_allocator\kernel_memory_allocator\kernel_memory_allocator\buddy.c(373,40): warning C4133: 'function': incompatible types - from 'uint8_t *' to 'LPCRITICAL_SECTION'
D:\fakultet\treca godina\prvi semestar\os2\kernel_memory_allocator\kernel_memory_allocator\kernel_memory_allocator\buddy.c(379,42): warning C4133: 'function': incompatible types - from 'uint8_t *' to 'LPCRITICAL_SECTION'
D:\fakultet\treca godina\prvi semestar\os2\kernel_memory_allocator\kernel_memory_allocator\kernel_memory_allocator\buddy.c(384,40): warning C4133: 'function': incompatible types - from 'uint8_t *' to 'LPCRITICAL_SECTION'
D:\fakultet\treca godina\prvi semestar\os2\kernel_memory_allocator\kernel_memory_allocator\kernel_memory_allocator\buddy.c(392,40): warning C4133: 'function': incompatible types - from 'uint8_t *' to 'LPCRITICAL_SECTION'
D:\fakultet\treca godina\prvi semestar\os2\kernel_memory_allocator\kernel_memory_allocator\kernel_memory_allocator\buddy.c(402,100): warning C4090: 'function': different 'const' qualifiers
D:\fakultet\treca godina\prvi semestar\os2\kernel_memory_allocator\kernel_memory_allocator\kernel_memory_allocator\buddy.c(414,53): warning C4090: 'function': different 'const' qualifiers
D:\fakultet\treca godina\prvi semestar\os2\kernel_memory_allocator\kernel_memory_allocator\kernel_memory_allocator\buddy.c(422,40): warning C4133: 'function': incompatible types - from 'uint8_t *' to 'LPCRITICAL_SECTION'
D:\fakultet\treca godina\prvi semestar\os2\kernel_memory_allocator\kernel_memory_allocator\kernel_memory_allocator\buddy.c(424,52): warning C4090: 'function': different 'const' qualifiers
D:\fakultet\treca godina\prvi semestar\os2\kernel_memory_allocator\kernel_memory_allocator\kernel_memory_allocator\buddy.c(493,56): warning C4028: formal parameter 2 different from declaration
D:\fakultet\treca godina\prvi semestar\os2\kernel_memory_allocator\kernel_memory_allocator\kernel_memory_allocator\buddy.c(539,53): warning C4018: '>': signed/unsigned mismatch
D:\fakultet\treca godina\prvi semestar\os2\kernel_memory_allocator\kernel_memory_allocator\kernel_memory_allocator\buddy.c(628,30): warning C4133: '>': incompatible types - from 'kmem_slab_t *' to 'void *'
D:\fakultet\treca godina\prvi semestar\os2\kernel_memory_allocator\kernel_memory_allocator\kernel_memory_allocator\buddy.c(628,153): warning C4133: '<': incompatible types - from 'uint8_t *' to 'void *'
D:\fakultet\treca godina\prvi semestar\os2\kernel_memory_allocator\kernel_memory_allocator\kernel_memory_allocator\buddy.c(648,112): warning C4244: '=': conversion from 'double' to 'float', possible loss of data
D:\fakultet\treca godina\prvi semestar\os2\kernel_memory_allocator\kernel_memory_allocator\kernel_memory_allocator\buddy.c(684,25): warning C4018: '<': signed/unsigned mismatch
D:\fakultet\treca godina\prvi semestar\os2\kernel_memory_allocator\kernel_memory_allocator\kernel_memory_allocator\buddy.c(685,17): warning C4244: 'return': conversion from 'uint16_t' to 'uint8_t', possible loss of data
D:\fakultet\treca godina\prvi semestar\os2\kernel_memory_allocator\kernel_memory_allocator\kernel_memory_allocator\buddy.c(311): warning C4715: 'kmem_cache_alloc_impl': not all control paths return a value
D:\fakultet\treca godina\prvi semestar\os2\kernel_memory_allocator\kernel_memory_allocator\kernel_memory_allocator\buddy.c(289): warning C4715: 'kmem_cache_shrink_impl': not all control paths return a value
  kernel_memory_allocator.vcxproj -> D:\fakultet\treca godina\prvi semestar\os2\kernel_memory_allocator\kernel_memory_allocator\Debug\kernel_memory_allocator.exe
